c:\users\nicol\source\repos\dissertation\directx11base\x64\debug\vc141.pdb
c:\users\nicol\source\repos\dissertation\directx11base\x64\debug\vc141.idb
c:\users\nicol\source\repos\dissertation\directx11base\x64\debug\cameraclass.obj
c:\users\nicol\source\repos\dissertation\directx11base\x64\debug\colorshaderclass.obj
c:\users\nicol\source\repos\dissertation\directx11base\x64\debug\d3dclass.obj
c:\users\nicol\source\repos\dissertation\directx11base\x64\debug\graphicsclass.obj
c:\users\nicol\source\repos\dissertation\directx11base\x64\debug\inputclass.obj
c:\users\nicol\source\repos\dissertation\directx11base\x64\debug\main.obj
c:\users\nicol\source\repos\dissertation\directx11base\x64\debug\modelclass.obj
c:\users\nicol\source\repos\dissertation\directx11base\x64\debug\physicsclass.obj
c:\users\nicol\source\repos\dissertation\directx11base\x64\debug\spatialpartitioning.obj
c:\users\nicol\source\repos\dissertation\directx11base\x64\debug\systemclass.obj
c:\users\nicol\source\repos\dissertation\directx11base\x64\debug\textureclass.obj
c:\users\nicol\source\repos\dissertation\directx11base\x64\debug\textureshaderclass.obj
c:\users\nicol\source\repos\dissertation\x64\release\colorps.cso
c:\users\nicol\source\repos\dissertation\x64\release\colorvs.cso
c:\users\nicol\source\repos\dissertation\x64\release\textureps.cso
c:\users\nicol\source\repos\dissertation\x64\release\texturevs.cso
c:\users\nicol\source\repos\dissertation\x64\release\ctp.ipdb
c:\users\nicol\source\repos\dissertation\x64\release\ctp.iobj
c:\users\nicol\source\repos\dissertation\x64\release\ctp.ilk
c:\users\nicol\source\repos\dissertation\x64\release\ctp.exe
c:\users\nicol\source\repos\dissertation\x64\release\lnk{57dc04ef-dde3-4069-95f7-3eb5c9f0a273}.tmp
c:\users\nicol\source\repos\dissertation\x64\release\ctp.pdb
c:\users\nicol\source\repos\dissertation\directx11base\..\x64\release\ctp.exe
c:\users\nicol\source\repos\dissertation\directx11base\x64\debug\ctp.tlog\cl.command.1.tlog
c:\users\nicol\source\repos\dissertation\directx11base\x64\debug\ctp.tlog\cl.read.1.tlog
c:\users\nicol\source\repos\dissertation\directx11base\x64\debug\ctp.tlog\cl.write.1.tlog
c:\users\nicol\source\repos\dissertation\directx11base\x64\debug\ctp.tlog\ctp.write.1u.tlog
c:\users\nicol\source\repos\dissertation\directx11base\x64\debug\ctp.tlog\link.command.1.tlog
c:\users\nicol\source\repos\dissertation\directx11base\x64\debug\ctp.tlog\link.delete.1.tlog
c:\users\nicol\source\repos\dissertation\directx11base\x64\debug\ctp.tlog\link.read.1.tlog
c:\users\nicol\source\repos\dissertation\directx11base\x64\debug\ctp.tlog\link.write.1.tlog
