c:\users\nicol\source\repos\directx11base\directx11base\x64\debug\vc141.pdb
c:\users\nicol\source\repos\directx11base\directx11base\x64\debug\vc141.idb
c:\users\nicol\source\repos\directx11base\directx11base\x64\debug\cameraclass.obj
c:\users\nicol\source\repos\directx11base\directx11base\x64\debug\colorshaderclass.obj
c:\users\nicol\source\repos\directx11base\directx11base\x64\debug\d3dclass.obj
c:\users\nicol\source\repos\directx11base\directx11base\x64\debug\graphicsclass.obj
c:\users\nicol\source\repos\directx11base\directx11base\x64\debug\inputclass.obj
c:\users\nicol\source\repos\directx11base\directx11base\x64\debug\main.obj
c:\users\nicol\source\repos\directx11base\directx11base\x64\debug\modelclass.obj
c:\users\nicol\source\repos\directx11base\directx11base\x64\debug\systemclass.obj
c:\users\nicol\source\repos\directx11base\directx11base\x64\debug\textureclass.obj
c:\users\nicol\source\repos\directx11base\directx11base\x64\debug\textureshaderclass.obj
c:\users\nicol\source\repos\directx11base\x64\debug\colorps.cso
c:\users\nicol\source\repos\directx11base\x64\debug\colorvs.cso
c:\users\nicol\source\repos\directx11base\x64\debug\textureps.cso
c:\users\nicol\source\repos\directx11base\x64\debug\texturevs.cso
c:\users\nicol\source\repos\directx11base\x64\debug\directx11base.exe
c:\users\nicol\source\repos\directx11base\x64\debug\directx11base.ilk
c:\users\nicol\source\repos\directx11base\x64\debug\directx11base.pdb
c:\users\nicol\source\repos\directx11base\directx11base\x64\debug\directx11base.tlog\cl.command.1.tlog
c:\users\nicol\source\repos\directx11base\directx11base\x64\debug\directx11base.tlog\cl.read.1.tlog
c:\users\nicol\source\repos\directx11base\directx11base\x64\debug\directx11base.tlog\cl.write.1.tlog
c:\users\nicol\source\repos\directx11base\directx11base\x64\debug\directx11base.tlog\directx11base.write.1u.tlog
c:\users\nicol\source\repos\directx11base\directx11base\x64\debug\directx11base.tlog\link.command.1.tlog
c:\users\nicol\source\repos\directx11base\directx11base\x64\debug\directx11base.tlog\link.read.1.tlog
c:\users\nicol\source\repos\directx11base\directx11base\x64\debug\directx11base.tlog\link.write.1.tlog
